node:internal/modules/esm/get_format:218
  throw new ERR_UNKNOWN_FILE_EXTENSION(ext, filepath);
        ^

TypeError [ERR_UNKNOWN_FILE_EXTENSION]: Unknown file extension ".ts" for /home/radic/projects/vuetify/server/start.ts
    at Object.getFileProtocolModuleFormat [as file:] (node:internal/modules/esm/get_format:218:9)
    at defaultGetFormat (node:internal/modules/esm/get_format:244:36)
    at defaultLoad (node:internal/modules/esm/load:122:22)
    at async ModuleLoader.loadAndTranslate (node:internal/modules/esm/loader:483:32)
    at async ModuleJob._link (node:internal/modules/esm/module_job:115:19) {
  code: 'ERR_UNKNOWN_FILE_EXTENSION'
}

Node.js v22.12.0
node:internal/modules/esm/get_format:218
  throw new ERR_UNKNOWN_FILE_EXTENSION(ext, filepath);
        ^

TypeError [ERR_UNKNOWN_FILE_EXTENSION]: Unknown file extension ".ts" for /home/radic/projects/vuetify/server/start.ts
    at Object.getFileProtocolModuleFormat [as file:] (node:internal/modules/esm/get_format:218:9)
    at defaultGetFormat (node:internal/modules/esm/get_format:244:36)
    at defaultLoad (node:internal/modules/esm/load:122:22)
    at async ModuleLoader.loadAndTranslate (node:internal/modules/esm/loader:483:32)
    at async ModuleJob._link (node:internal/modules/esm/module_job:115:19) {
  code: 'ERR_UNKNOWN_FILE_EXTENSION'
}

Node.js v22.12.0
node:internal/modules/esm/get_format:218
  throw new ERR_UNKNOWN_FILE_EXTENSION(ext, filepath);
        ^

TypeError [ERR_UNKNOWN_FILE_EXTENSION]: Unknown file extension ".ts" for /home/radic/projects/vuetify/server/start.ts
    at Object.getFileProtocolModuleFormat [as file:] (node:internal/modules/esm/get_format:218:9)
    at defaultGetFormat (node:internal/modules/esm/get_format:244:36)
    at defaultLoad (node:internal/modules/esm/load:122:22)
    at async ModuleLoader.loadAndTranslate (node:internal/modules/esm/loader:483:32)
    at async ModuleJob._link (node:internal/modules/esm/module_job:115:19) {
  code: 'ERR_UNKNOWN_FILE_EXTENSION'
}

Node.js v22.12.0
node:internal/modules/esm/get_format:218
  throw new ERR_UNKNOWN_FILE_EXTENSION(ext, filepath);
        ^

TypeError [ERR_UNKNOWN_FILE_EXTENSION]: Unknown file extension ".ts" for /home/radic/projects/vuetify/server/start.ts
    at Object.getFileProtocolModuleFormat [as file:] (node:internal/modules/esm/get_format:218:9)
    at defaultGetFormat (node:internal/modules/esm/get_format:244:36)
    at defaultLoad (node:internal/modules/esm/load:122:22)
    at async ModuleLoader.loadAndTranslate (node:internal/modules/esm/loader:483:32)
    at async ModuleJob._link (node:internal/modules/esm/module_job:115:19) {
  code: 'ERR_UNKNOWN_FILE_EXTENSION'
}

Node.js v22.12.0
node:internal/modules/esm/get_format:218
  throw new ERR_UNKNOWN_FILE_EXTENSION(ext, filepath);
        ^

TypeError [ERR_UNKNOWN_FILE_EXTENSION]: Unknown file extension ".ts" for /home/radic/projects/vuetify/server/start.ts
    at Object.getFileProtocolModuleFormat [as file:] (node:internal/modules/esm/get_format:218:9)
    at defaultGetFormat (node:internal/modules/esm/get_format:244:36)
    at defaultLoad (node:internal/modules/esm/load:122:22)
    at async ModuleLoader.loadAndTranslate (node:internal/modules/esm/loader:483:32)
    at async ModuleJob._link (node:internal/modules/esm/module_job:115:19) {
  code: 'ERR_UNKNOWN_FILE_EXTENSION'
}

Node.js v22.12.0
node:internal/modules/esm/get_format:218
  throw new ERR_UNKNOWN_FILE_EXTENSION(ext, filepath);
        ^

TypeError [ERR_UNKNOWN_FILE_EXTENSION]: Unknown file extension ".ts" for /home/radic/projects/vuetify/server/start.ts
    at Object.getFileProtocolModuleFormat [as file:] (node:internal/modules/esm/get_format:218:9)
    at defaultGetFormat (node:internal/modules/esm/get_format:244:36)
    at defaultLoad (node:internal/modules/esm/load:122:22)
    at async ModuleLoader.loadAndTranslate (node:internal/modules/esm/loader:483:32)
    at async ModuleJob._link (node:internal/modules/esm/module_job:115:19) {
  code: 'ERR_UNKNOWN_FILE_EXTENSION'
}

Node.js v22.12.0
node:internal/modules/esm/get_format:218
  throw new ERR_UNKNOWN_FILE_EXTENSION(ext, filepath);
        ^

TypeError [ERR_UNKNOWN_FILE_EXTENSION]: Unknown file extension ".ts" for /home/radic/projects/vuetify/server/start.ts
    at Object.getFileProtocolModuleFormat [as file:] (node:internal/modules/esm/get_format:218:9)
    at defaultGetFormat (node:internal/modules/esm/get_format:244:36)
    at defaultLoad (node:internal/modules/esm/load:122:22)
    at async ModuleLoader.loadAndTranslate (node:internal/modules/esm/loader:483:32)
    at async ModuleJob._link (node:internal/modules/esm/module_job:115:19) {
  code: 'ERR_UNKNOWN_FILE_EXTENSION'
}

Node.js v22.12.0
node:internal/modules/esm/get_format:218
  throw new ERR_UNKNOWN_FILE_EXTENSION(ext, filepath);
        ^

TypeError [ERR_UNKNOWN_FILE_EXTENSION]: Unknown file extension ".ts" for /home/radic/projects/vuetify/server/start.ts
    at Object.getFileProtocolModuleFormat [as file:] (node:internal/modules/esm/get_format:218:9)
    at defaultGetFormat (node:internal/modules/esm/get_format:244:36)
    at defaultLoad (node:internal/modules/esm/load:122:22)
    at async ModuleLoader.loadAndTranslate (node:internal/modules/esm/loader:483:32)
    at async ModuleJob._link (node:internal/modules/esm/module_job:115:19) {
  code: 'ERR_UNKNOWN_FILE_EXTENSION'
}

Node.js v22.12.0
/usr/bin/env: ‘node’: No such file or directory
/usr/bin/env: ‘node’: No such file or directory
/usr/bin/env: ‘node’: No such file or directory
/usr/bin/env: ‘node’: No such file or directory
/usr/bin/env: ‘node’: No such file or directory
/usr/bin/env: ‘node’: No such file or directory
/usr/bin/env: ‘node’: No such file or directory
/usr/bin/env: ‘node’: No such file or directory
/usr/bin/env: ‘node’: No such file or directory
/usr/bin/env: ‘node’: No such file or directory
/usr/bin/env: ‘node’: No such file or directory
/usr/bin/env: ‘node’: No such file or directory
/usr/bin/env: ‘node’: No such file or directory
/usr/bin/env: ‘node’: No such file or directory
/usr/bin/env: ‘node’: No such file or directory
/usr/bin/env: ‘node’: No such file or directory
/usr/bin/env: ‘node’: No such file or directory
/usr/bin/env: ‘node’: No such file or directory
/usr/bin/env: ‘node’: No such file or directory
/usr/bin/env: ‘node’: No such file or directory
/usr/bin/env: ‘node’: No such file or directory
/usr/bin/env: ‘node’: No such file or directory
/usr/bin/env: ‘node’: No such file or directory
